<?xml version="1.0" encoding="UTF-8"?>
<coverage generated="1688733813790" clover="3.2.0">
  <project timestamp="1688733813794" name="All files">
    <metrics statements="25" coveredstatements="9" conditionals="2" coveredconditionals="0" methods="16" coveredmethods="1" elements="43" coveredelements="10" complexity="0" loc="25" ncloc="25" packages="3" files="9" classes="9"/>
    <package name="src">
      <metrics statements="1" coveredstatements="1" conditionals="0" coveredconditionals="0" methods="1" coveredmethods="1"/>
      <file name="App.jsx" path="D:\Codes\Courses\Aufgaben\e-learning\react-redux\src\App.jsx">
        <metrics statements="1" coveredstatements="1" conditionals="0" coveredconditionals="0" methods="1" coveredmethods="1"/>
        <line num="9" count="3" type="stmt"/>
      </file>
    </package>
    <package name="src.components">
      <metrics statements="20" coveredstatements="6" conditionals="2" coveredconditionals="0" methods="13" coveredmethods="0"/>
      <file name="CourseItem.jsx" path="D:\Codes\Courses\Aufgaben\e-learning\react-redux\src\components\CourseItem.jsx">
        <metrics statements="3" coveredstatements="1" conditionals="0" coveredconditionals="0" methods="2" coveredmethods="0"/>
        <line num="1" count="1" type="stmt"/>
        <line num="2" count="0" type="stmt"/>
        <line num="6" count="0" type="stmt"/>
      </file>
      <file name="CourseList.jsx" path="D:\Codes\Courses\Aufgaben\e-learning\react-redux\src\components\CourseList.jsx">
        <metrics statements="4" coveredstatements="1" conditionals="0" coveredconditionals="0" methods="3" coveredmethods="0"/>
        <line num="4" count="1" type="stmt"/>
        <line num="5" count="0" type="stmt"/>
        <line num="7" count="0" type="stmt"/>
        <line num="13" count="0" type="stmt"/>
      </file>
      <file name="HeaderComponent.jsx" path="D:\Codes\Courses\Aufgaben\e-learning\react-redux\src\components\HeaderComponent.jsx">
        <metrics statements="2" coveredstatements="1" conditionals="0" coveredconditionals="0" methods="1" coveredmethods="0"/>
        <line num="1" count="1" type="stmt"/>
        <line num="2" count="0" type="stmt"/>
      </file>
      <file name="Info.jsx" path="D:\Codes\Courses\Aufgaben\e-learning\react-redux\src\components\Info.jsx">
        <metrics statements="3" coveredstatements="1" conditionals="2" coveredconditionals="0" methods="1" coveredmethods="0"/>
        <line num="3" count="1" type="stmt"/>
        <line num="4" count="0" type="stmt"/>
        <line num="6" count="0" type="stmt"/>
      </file>
      <file name="Sidebar.jsx" path="D:\Codes\Courses\Aufgaben\e-learning\react-redux\src\components\Sidebar.jsx">
        <metrics statements="4" coveredstatements="1" conditionals="0" coveredconditionals="0" methods="3" coveredmethods="0"/>
        <line num="4" count="1" type="stmt"/>
        <line num="5" count="0" type="stmt"/>
        <line num="7" count="0" type="stmt"/>
        <line num="14" count="0" type="stmt"/>
      </file>
      <file name="SidebarContact.jsx" path="D:\Codes\Courses\Aufgaben\e-learning\react-redux\src\components\SidebarContact.jsx">
        <metrics statements="4" coveredstatements="1" conditionals="0" coveredconditionals="0" methods="3" coveredmethods="0"/>
        <line num="3" count="1" type="stmt"/>
        <line num="4" count="0" type="stmt"/>
        <line num="6" count="0" type="stmt"/>
        <line num="7" count="0" type="stmt"/>
      </file>
    </package>
    <package name="src.pages">
      <metrics statements="4" coveredstatements="2" conditionals="0" coveredconditionals="0" methods="2" coveredmethods="0"/>
      <file name="HomePage.jsx" path="D:\Codes\Courses\Aufgaben\e-learning\react-redux\src\pages\HomePage.jsx">
        <metrics statements="2" coveredstatements="1" conditionals="0" coveredconditionals="0" methods="1" coveredmethods="0"/>
        <line num="5" count="1" type="stmt"/>
        <line num="6" count="0" type="stmt"/>
      </file>
      <file name="NotFound.jsx" path="D:\Codes\Courses\Aufgaben\e-learning\react-redux\src\pages\NotFound.jsx">
        <metrics statements="2" coveredstatements="1" conditionals="0" coveredconditionals="0" methods="1" coveredmethods="0"/>
        <line num="3" count="1" type="stmt"/>
        <line num="4" count="0" type="stmt"/>
      </file>
    </package>
  </project>
</coverage>
