{"D:\\Codes\\Courses\\Aufgaben\\e-learning\\react-redux\\src\\App.jsx": {"path":"D:\\Codes\\Courses\\Aufgaben\\e-learning\\react-redux\\src\\App.jsx","statementMap":{"0":{"start":{"line":9,"column":4},"end":{"line":18,"column":5}}},"fnMap":{"0":{"name":"App","decl":{"start":{"line":8,"column":9},"end":{"line":8,"column":12}},"loc":{"start":{"line":8,"column":15},"end":{"line":19,"column":1}},"line":8}},"branchMap":{},"s":{"0":3},"f":{"0":3},"b":{},"_coverageSchema":"1a1c01bbd47fc00a2c39e90264f33305004495a9","hash":"7933fb45ac6c03c3b722359e14209d5ade360056"}
,"D:\\Codes\\Courses\\Aufgaben\\e-learning\\react-redux\\src\\components\\CourseItem.jsx": {"path":"D:\\Codes\\Courses\\Aufgaben\\e-learning\\react-redux\\src\\components\\CourseItem.jsx","statementMap":{"0":{"start":{"line":1,"column":19},"end":{"line":28,"column":1}},"1":{"start":{"line":2,"column":4},"end":{"line":27,"column":5}},"2":{"start":{"line":6,"column":20},"end":{"line":23,"column":21}}},"fnMap":{"0":{"name":"(anonymous_0)","decl":{"start":{"line":1,"column":19},"end":{"line":1,"column":20}},"loc":{"start":{"line":1,"column":33},"end":{"line":28,"column":1}},"line":1},"1":{"name":"(anonymous_1)","decl":{"start":{"line":5,"column":36},"end":{"line":5,"column":37}},"loc":{"start":{"line":5,"column":53},"end":{"line":24,"column":17}},"line":5}},"branchMap":{},"s":{"0":1,"1":0,"2":0},"f":{"0":0,"1":0},"b":{},"_coverageSchema":"1a1c01bbd47fc00a2c39e90264f33305004495a9","hash":"cb408470a1a79ec73477b380ca8cab9f363fe0c2"}
,"D:\\Codes\\Courses\\Aufgaben\\e-learning\\react-redux\\src\\components\\CourseList.jsx": {"path":"D:\\Codes\\Courses\\Aufgaben\\e-learning\\react-redux\\src\\components\\CourseList.jsx","statementMap":{"0":{"start":{"line":4,"column":19},"end":{"line":26,"column":1}},"1":{"start":{"line":5,"column":22},"end":{"line":5,"column":51}},"2":{"start":{"line":5,"column":45},"end":{"line":5,"column":50}},"3":{"start":{"line":7,"column":4},"end":{"line":25,"column":5}},"4":{"start":{"line":13,"column":24},"end":{"line":19,"column":25}}},"fnMap":{"0":{"name":"(anonymous_0)","decl":{"start":{"line":4,"column":19},"end":{"line":4,"column":20}},"loc":{"start":{"line":4,"column":25},"end":{"line":26,"column":1}},"line":4},"1":{"name":"(anonymous_1)","decl":{"start":{"line":5,"column":34},"end":{"line":5,"column":35}},"loc":{"start":{"line":5,"column":45},"end":{"line":5,"column":50}},"line":5},"2":{"name":"(anonymous_2)","decl":{"start":{"line":12,"column":38},"end":{"line":12,"column":39}},"loc":{"start":{"line":12,"column":53},"end":{"line":20,"column":21}},"line":12}},"branchMap":{},"s":{"0":1,"1":0,"2":0,"3":0,"4":0},"f":{"0":0,"1":0,"2":0},"b":{},"_coverageSchema":"1a1c01bbd47fc00a2c39e90264f33305004495a9","hash":"f4f3d44577d0d64831a3c256676b122f458a9234"}
,"D:\\Codes\\Courses\\Aufgaben\\e-learning\\react-redux\\src\\components\\HeaderComponent.jsx": {"path":"D:\\Codes\\Courses\\Aufgaben\\e-learning\\react-redux\\src\\components\\HeaderComponent.jsx","statementMap":{"0":{"start":{"line":1,"column":24},"end":{"line":11,"column":1}},"1":{"start":{"line":2,"column":4},"end":{"line":10,"column":5}}},"fnMap":{"0":{"name":"(anonymous_0)","decl":{"start":{"line":1,"column":24},"end":{"line":1,"column":25}},"loc":{"start":{"line":1,"column":30},"end":{"line":11,"column":1}},"line":1}},"branchMap":{},"s":{"0":1,"1":0},"f":{"0":0},"b":{},"_coverageSchema":"1a1c01bbd47fc00a2c39e90264f33305004495a9","hash":"956de8c5a04de261b797242d3a08fa2bce9d4953"}
,"D:\\Codes\\Courses\\Aufgaben\\e-learning\\react-redux\\src\\components\\Info.jsx": {"path":"D:\\Codes\\Courses\\Aufgaben\\e-learning\\react-redux\\src\\components\\Info.jsx","statementMap":{"0":{"start":{"line":3,"column":13},"end":{"line":19,"column":1}},"1":{"start":{"line":4,"column":19},"end":{"line":4,"column":32}},"2":{"start":{"line":6,"column":4},"end":{"line":18,"column":5}}},"fnMap":{"0":{"name":"(anonymous_0)","decl":{"start":{"line":3,"column":13},"end":{"line":3,"column":14}},"loc":{"start":{"line":3,"column":19},"end":{"line":19,"column":1}},"line":3}},"branchMap":{"0":{"loc":{"start":{"line":9,"column":50},"end":{"line":11,"column":86}},"type":"cond-expr","locations":[{"start":{"line":10,"column":22},"end":{"line":10,"column":54}},{"start":{"line":11,"column":22},"end":{"line":11,"column":86}}],"line":9}},"s":{"0":1,"1":0,"2":0},"f":{"0":0},"b":{"0":[0,0]},"_coverageSchema":"1a1c01bbd47fc00a2c39e90264f33305004495a9","hash":"1e28dc405b9bd57c1fd2e325febce762f6e55c6b"}
,"D:\\Codes\\Courses\\Aufgaben\\e-learning\\react-redux\\src\\components\\Sidebar.jsx": {"path":"D:\\Codes\\Courses\\Aufgaben\\e-learning\\react-redux\\src\\components\\Sidebar.jsx","statementMap":{"0":{"start":{"line":4,"column":16},"end":{"line":31,"column":1}},"1":{"start":{"line":5,"column":22},"end":{"line":5,"column":51}},"2":{"start":{"line":5,"column":45},"end":{"line":5,"column":50}},"3":{"start":{"line":7,"column":4},"end":{"line":30,"column":5}},"4":{"start":{"line":14,"column":20},"end":{"line":19,"column":21}}},"fnMap":{"0":{"name":"(anonymous_0)","decl":{"start":{"line":4,"column":16},"end":{"line":4,"column":17}},"loc":{"start":{"line":4,"column":22},"end":{"line":31,"column":1}},"line":4},"1":{"name":"(anonymous_1)","decl":{"start":{"line":5,"column":34},"end":{"line":5,"column":35}},"loc":{"start":{"line":5,"column":45},"end":{"line":5,"column":50}},"line":5},"2":{"name":"(anonymous_2)","decl":{"start":{"line":13,"column":34},"end":{"line":13,"column":35}},"loc":{"start":{"line":13,"column":51},"end":{"line":20,"column":17}},"line":13}},"branchMap":{},"s":{"0":1,"1":0,"2":0,"3":0,"4":0},"f":{"0":0,"1":0,"2":0},"b":{},"_coverageSchema":"1a1c01bbd47fc00a2c39e90264f33305004495a9","hash":"0872ebb5e9862e36651c63b59ad794fe9fe353a3"}
,"D:\\Codes\\Courses\\Aufgaben\\e-learning\\react-redux\\src\\components\\SidebarContact.jsx": {"path":"D:\\Codes\\Courses\\Aufgaben\\e-learning\\react-redux\\src\\components\\SidebarContact.jsx","statementMap":{"0":{"start":{"line":3,"column":23},"end":{"line":15,"column":1}},"1":{"start":{"line":4,"column":23},"end":{"line":4,"column":52}},"2":{"start":{"line":4,"column":46},"end":{"line":4,"column":51}},"3":{"start":{"line":6,"column":4},"end":{"line":14,"column":6}},"4":{"start":{"line":7,"column":8},"end":{"line":13,"column":9}}},"fnMap":{"0":{"name":"(anonymous_0)","decl":{"start":{"line":3,"column":23},"end":{"line":3,"column":24}},"loc":{"start":{"line":3,"column":29},"end":{"line":15,"column":1}},"line":3},"1":{"name":"(anonymous_1)","decl":{"start":{"line":4,"column":35},"end":{"line":4,"column":36}},"loc":{"start":{"line":4,"column":46},"end":{"line":4,"column":51}},"line":4},"2":{"name":"(anonymous_2)","decl":{"start":{"line":6,"column":29},"end":{"line":6,"column":30}},"loc":{"start":{"line":6,"column":47},"end":{"line":14,"column":5}},"line":6}},"branchMap":{},"s":{"0":1,"1":0,"2":0,"3":0,"4":0},"f":{"0":0,"1":0,"2":0},"b":{},"_coverageSchema":"1a1c01bbd47fc00a2c39e90264f33305004495a9","hash":"9ae0f1e90b632e6b8e72af0914990acbdf15765a"}
,"D:\\Codes\\Courses\\Aufgaben\\e-learning\\react-redux\\src\\pages\\HomePage.jsx": {"path":"D:\\Codes\\Courses\\Aufgaben\\e-learning\\react-redux\\src\\pages\\HomePage.jsx","statementMap":{"0":{"start":{"line":5,"column":17},"end":{"line":12,"column":1}},"1":{"start":{"line":6,"column":4},"end":{"line":11,"column":5}}},"fnMap":{"0":{"name":"(anonymous_0)","decl":{"start":{"line":5,"column":17},"end":{"line":5,"column":18}},"loc":{"start":{"line":5,"column":23},"end":{"line":12,"column":1}},"line":5}},"branchMap":{},"s":{"0":1,"1":0},"f":{"0":0},"b":{},"_coverageSchema":"1a1c01bbd47fc00a2c39e90264f33305004495a9","hash":"cd1a75599e92fedf4ef5504d628fa8c1514f1077"}
,"D:\\Codes\\Courses\\Aufgaben\\e-learning\\react-redux\\src\\pages\\NotFound.jsx": {"path":"D:\\Codes\\Courses\\Aufgaben\\e-learning\\react-redux\\src\\pages\\NotFound.jsx","statementMap":{"0":{"start":{"line":3,"column":17},"end":{"line":10,"column":1}},"1":{"start":{"line":4,"column":4},"end":{"line":9,"column":5}}},"fnMap":{"0":{"name":"(anonymous_0)","decl":{"start":{"line":3,"column":17},"end":{"line":3,"column":18}},"loc":{"start":{"line":3,"column":23},"end":{"line":10,"column":1}},"line":3}},"branchMap":{},"s":{"0":1,"1":0},"f":{"0":0},"b":{},"_coverageSchema":"1a1c01bbd47fc00a2c39e90264f33305004495a9","hash":"1ca38681685bd1c3a70d2cd6696c6af787cec60b"}
}
